<?xml version="1.0" encoding="UTF-8"?>
<!-- Generated by org.testng.reporters.JUnitXMLReporter -->
<testsuite ignored="0" hostname="DESKTOP-QA4MQIL" failures="0" tests="4" name="Test" time="69.709" errors="0" timestamp="2023-04-14T20:11:03 BDT">
  <testcase classname="testcases.WafilifeHomePageTest" name="testSiteLoading" time="13.637"/>
  <testcase classname="testcases.WafilifeAuthorPageTest" name="testAuthorPageScrolling" time="12.261"/>
  <testcase classname="testcases.WafilifeAuthorPageTest" name="testClickLink" time="12.915"/>
  <testcase classname="testcases.WafilifeAuthorPageTest" name="testOrderInfoInput" time="23.072"/>
</testsuite> <!-- Test -->
