<?xml version="1.0" encoding="UTF-8"?>
<testng-results ignored="0" total="4" passed="4" failed="0" skipped="0">
  <reporter-output>
  </reporter-output>
  <suite started-at="2023-04-14T20:09:53 BDT" name="Suite" finished-at="2023-04-14T20:11:03 BDT" duration-ms="69709">
    <groups>
    </groups>
    <test started-at="2023-04-14T20:09:53 BDT" name="Test" finished-at="2023-04-14T20:11:03 BDT" duration-ms="69709">
      <class name="testcases.WafilifeHomePageTest">
        <test-method is-config="true" signature="start()[pri:0, instance:testcases.WafilifeHomePageTest@38b27cdc]" started-at="2023-04-14T20:09:53 BDT" name="start" finished-at="2023-04-14T20:09:56 BDT" duration-ms="2706" status="PASS">
          <reporter-output>
          </reporter-output>
        </test-method> <!-- start -->
        <test-method signature="testSiteLoading()[pri:0, instance:testcases.WafilifeHomePageTest@38b27cdc]" started-at="2023-04-14T20:09:56 BDT" name="testSiteLoading" description="Test if the site load properly and the author button works properly." finished-at="2023-04-14T20:10:09 BDT" duration-ms="13637" status="PASS">
          <reporter-output>
          </reporter-output>
        </test-method> <!-- testSiteLoading -->
        <test-method is-config="true" signature="quitBrowser()[pri:0, instance:testcases.WafilifeHomePageTest@38b27cdc]" started-at="2023-04-14T20:10:10 BDT" name="quitBrowser" finished-at="2023-04-14T20:10:10 BDT" duration-ms="339" status="PASS">
          <reporter-output>
          </reporter-output>
        </test-method> <!-- quitBrowser -->
      </class> <!-- testcases.WafilifeHomePageTest -->
      <class name="testcases.WafilifeAuthorPageTest">
        <test-method is-config="true" signature="start()[pri:0, instance:testcases.WafilifeAuthorPageTest@21337f7b]" started-at="2023-04-14T20:10:10 BDT" name="start" finished-at="2023-04-14T20:10:11 BDT" duration-ms="1359" status="PASS">
          <reporter-output>
          </reporter-output>
        </test-method> <!-- start -->
        <test-method signature="testAuthorPageScrolling()[pri:0, instance:testcases.WafilifeAuthorPageTest@21337f7b]" started-at="2023-04-14T20:10:11 BDT" name="testAuthorPageScrolling" description="Test if the scrolling and next page button works properly in author page." finished-at="2023-04-14T20:10:23 BDT" duration-ms="12261" status="PASS">
          <reporter-output>
          </reporter-output>
        </test-method> <!-- testAuthorPageScrolling -->
        <test-method is-config="true" signature="quitBrowser()[pri:0, instance:testcases.WafilifeAuthorPageTest@21337f7b]" started-at="2023-04-14T20:10:23 BDT" name="quitBrowser" finished-at="2023-04-14T20:10:24 BDT" duration-ms="263" status="PASS">
          <reporter-output>
          </reporter-output>
        </test-method> <!-- quitBrowser -->
        <test-method is-config="true" signature="start()[pri:0, instance:testcases.WafilifeAuthorPageTest@21337f7b]" started-at="2023-04-14T20:10:24 BDT" name="start" finished-at="2023-04-14T20:10:25 BDT" duration-ms="1208" status="PASS">
          <reporter-output>
          </reporter-output>
        </test-method> <!-- start -->
        <test-method signature="testClickLink()[pri:0, instance:testcases.WafilifeAuthorPageTest@21337f7b]" started-at="2023-04-14T20:10:25 BDT" name="testClickLink" description="Test if the Click Korun link works properly." finished-at="2023-04-14T20:10:38 BDT" duration-ms="12915" status="PASS">
          <reporter-output>
          </reporter-output>
        </test-method> <!-- testClickLink -->
        <test-method is-config="true" signature="quitBrowser()[pri:0, instance:testcases.WafilifeAuthorPageTest@21337f7b]" started-at="2023-04-14T20:10:38 BDT" name="quitBrowser" finished-at="2023-04-14T20:10:38 BDT" duration-ms="310" status="PASS">
          <reporter-output>
          </reporter-output>
        </test-method> <!-- quitBrowser -->
        <test-method is-config="true" signature="start()[pri:0, instance:testcases.WafilifeAuthorPageTest@21337f7b]" started-at="2023-04-14T20:10:38 BDT" name="start" finished-at="2023-04-14T20:10:39 BDT" duration-ms="1110" status="PASS">
          <reporter-output>
          </reporter-output>
        </test-method> <!-- start -->
        <test-method signature="testOrderInfoInput()[pri:0, instance:testcases.WafilifeAuthorPageTest@21337f7b]" started-at="2023-04-14T20:10:39 BDT" name="testOrderInfoInput" finished-at="2023-04-14T20:11:02 BDT" duration-ms="23072" status="PASS">
          <reporter-output>
          </reporter-output>
        </test-method> <!-- testOrderInfoInput -->
        <test-method is-config="true" signature="quitBrowser()[pri:0, instance:testcases.WafilifeAuthorPageTest@21337f7b]" started-at="2023-04-14T20:11:02 BDT" name="quitBrowser" finished-at="2023-04-14T20:11:03 BDT" duration-ms="309" status="PASS">
          <reporter-output>
          </reporter-output>
        </test-method> <!-- quitBrowser -->
      </class> <!-- testcases.WafilifeAuthorPageTest -->
    </test> <!-- Test -->
  </suite> <!-- Suite -->
</testng-results>
